@0000000000000000
52601B619ABF54A0526066006800E038
E04F7C097A087807760674057204E030
1B411A827A015B6068026E01E027F045
1902184166020A0B1AC51B619B7F1B44
7A015BC366030A0319061921993F1903
12616C096A086807660664056204E010
6E0109CE1A851B619B3F14A109D61C45
000000000000600D1000600D00400FFF
5B605920008C00000000000000000000
9C7F190109FD1DA1190304031DA19CBF
D921DB611B4209FD1DA11B4304031DA1
1000C1C07D00774067006D4019001B40
10081007100610051004100310021001
1010100F100E100D100C100B100A1009
10181017101610151014101310121011
1020101F101E101D101C101B101A1019
10281027102610251024102310221021
1030102F102E102D102C102B102A1029
10381037103610351034103310321031
1002103F103E103D103C103B103A1039
100A1009100810071006100510041003
101210111010100F100E100D100C100B
101A1019101810171016101510141013
102210211020101F101E101D101C101B
102A1029102810271026102510241023
103210311030102F102E102D102C102B
103A1039103810371036103510341033
100410411040103F103E103D103C103B
100C100B100A10091008100710061005
10141013101210111010100F100E100D
101C101B101A10191018101710161015
10241023102210211020101F101E101D
102C102B102A10291028102710261025
10341033103210311030102F102E102D
103C103B103A10391038103710361035
10061043104210411040103F103E103D
100E100D100C100B100A100910081007
1016101510141013101210111010100F
101E101D101C101B101A101910181017
1026102510241023102210211020101F
102E102D102C102B102A102910281027
1036103510341033103210311030102F
103E103D103C103B103A103910381037
1008104510441043104210411040103F
1010100F100E100D100C100B100A1009
10181017101610151014101310121011
1020101F101E101D101C101B101A1019
10281027102610251024102310221021
1030102F102E102D102C102B102A1029
10381037103610351034103310321031
1040103F103E103D103C103B103A1039
100A1047104610451044104310421041
101210111010100F100E100D100C100B
101A1019101810171016101510141013
102210211020101F101E101D101C101B
102A1029102810271026102510241023
103210311030102F102E102D102C102B
103A1039103810371036103510341033
104210411040103F103E103D103C103B
100C1049104810471046104510441043
10141013101210111010100F100E100D
101C101B101A10191018101710161015
10241023102210211020101F101E101D
102C102B102A10291028102710261025
10341033103210311030102F102E102D
103C103B103A10391038103710361035
10441043104210411040103F103E103D
100E104B104A10491048104710461045
1016101510141013101210111010100F
101E101D101C101B101A101910181017
1026102510241023102210211020101F
102E102D102C102B102A102910281027
1036103510341033103210311030102F
103E103D103C103B103A103910381037
1046104510441043104210411040103F
1010104D104C104B104A104910481047
10181017101610151014101310121011
1020101F101E101D101C101B101A1019
10281027102610251024102310221021
1030102F102E102D102C102B102A1029
10381037103610351034103310321031
1040103F103E103D103C103B103A1039
10481047104610451044104310421041
1012104F104E104D104C104B104A1049
101A1019101810171016101510141013
102210211020101F101E101D101C101B
102A1029102810271026102510241023
103210311030102F102E102D102C102B
103A1039103810371036103510341033
104210411040103F103E103D103C103B
104A1049104810471046104510441043
101410511050104F104E104D104C104B
101C101B101A10191018101710161015
10241023102210211020101F101E101D
102C102B102A10291028102710261025
10341033103210311030102F102E102D
103C103B103A10391038103710361035
10441043104210411040103F103E103D
104C104B104A10491048104710461045
10161053105210511050104F104E104D
101E101D101C101B101A101910181017
1026102510241023102210211020101F
102E102D102C102B102A102910281027
1036103510341033103210311030102F
103E103D103C103B103A103910381037
1046104510441043104210411040103F
104E104D104C104B104A104910481047
1018105510541053105210511050104F
1020101F101E101D101C101B101A1019
10281027102610251024102310221021
1030102F102E102D102C102B102A1029
10381037103610351034103310321031
1040103F103E103D103C103B103A1039
10481047104610451044104310421041
1050104F104E104D104C104B104A1049
101A1057105610551054105310521051
102210211020101F101E101D101C101B
102A1029102810271026102510241023
103210311030102F102E102D102C102B
103A1039103810371036103510341033
104210411040103F103E103D103C103B
104A1049104810471046104510441043
105210511050104F104E104D104C104B
101C1059105810571056105510541053
10241023102210211020101F101E101D
102C102B102A10291028102710261025
10341033103210311030102F102E102D
103C103B103A10391038103710361035
10441043104210411040103F103E103D
104C104B104A10491048104710461045
10541053105210511050104F104E104D
101E105B105A10591058105710561055
1026102510241023102210211020101F
102E102D102C102B102A102910281027
1036103510341033103210311030102F
103E103D103C103B103A103910381037
1046104510441043104210411040103F
104E104D104C104B104A104910481047
1056105510541053105210511050104F
1020105D105C105B105A105910581057
10281027102610251024102310221021
1030102F102E102D102C102B102A1029
10381037103610351034103310321031
1040103F103E103D103C103B103A1039
10481047104610451044104310421041
1050104F104E104D104C104B104A1049
10581057105610551054105310521051
1022105F105E105D105C105B105A1059
102A1029102810271026102510241023
103210311030102F102E102D102C102B
103A1039103810371036103510341033
104210411040103F103E103D103C103B
104A1049104810471046104510441043
105210511050104F104E104D104C104B
105A1059105810571056105510541053
102410611060105F105E105D105C105B
102C102B102A10291028102710261025
10341033103210311030102F102E102D
103C103B103A10391038103710361035
10441043104210411040103F103E103D
104C104B104A10491048104710461045
10541053105210511050104F104E104D
105C105B105A10591058105710561055
10261063106210611060105F105E105D
102E102D102C102B102A102910281027
1036103510341033103210311030102F
103E103D103C103B103A103910381037
1046104510441043104210411040103F
104E104D104C104B104A104910481047
1056105510541053105210511050104F
105E105D105C105B105A105910581057
1028106510641063106210611060105F
1030102F102E102D102C102B102A1029
10381037103610351034103310321031
1040103F103E103D103C103B103A1039
10481047104610451044104310421041
1050104F104E104D104C104B104A1049
10581057105610551054105310521051
1060105F105E105D105C105B105A1059
102A1067106610651064106310621061
103210311030102F102E102D102C102B
103A1039103810371036103510341033
104210411040103F103E103D103C103B
104A1049104810471046104510441043
105210511050104F104E104D104C104B
105A1059105810571056105510541053
106210611060105F105E105D105C105B
102C1069106810671066106510641063
10341033103210311030102F102E102D
103C103B103A10391038103710361035
10441043104210411040103F103E103D
104C104B104A10491048104710461045
10541053105210511050104F104E104D
105C105B105A10591058105710561055
10641063106210611060105F105E105D
102E106B106A10691068106710661065
1036103510341033103210311030102F
103E103D103C103B103A103910381037
1046104510441043104210411040103F
104E104D104C104B104A104910481047
1056105510541053105210511050104F
105E105D105C105B105A105910581057
1066106510641063106210611060105F
1030106D106C106B106A106910681067
10381037103610351034103310321031
1040103F103E103D103C103B103A1039
10481047104610451044104310421041
1050104F104E104D104C104B104A1049
10581057105610551054105310521051
1060105F105E105D105C105B105A1059
10681067106610651064106310621061
1032106F106E106D106C106B106A1069
103A1039103810371036103510341033
104210411040103F103E103D103C103B
104A1049104810471046104510441043
105210511050104F104E104D104C104B
105A1059105810571056105510541053
106210611060105F105E105D105C105B
106A1069106810671066106510641063
103410711070106F106E106D106C106B
103C103B103A10391038103710361035
10441043104210411040103F103E103D
104C104B104A10491048104710461045
10541053105210511050104F104E104D
105C105B105A10591058105710561055
10641063106210611060105F105E105D
106C106B106A10691068106710661065
10361073107210711070106F106E106D
103E103D103C103B103A103910381037
1046104510441043104210411040103F
104E104D104C104B104A104910481047
1056105510541053105210511050104F
105E105D105C105B105A105910581057
1066106510641063106210611060105F
106E106D106C106B106A106910681067
1038107510741073107210711070106F
1040103F103E103D103C103B103A1039
10481047104610451044104310421041
1050104F104E104D104C104B104A1049
10581057105610551054105310521051
1060105F105E105D105C105B105A1059
10681067106610651064106310621061
1070106F106E106D106C106B106A1069
103A1077107610751074107310721071
104210411040103F103E103D103C103B
104A1049104810471046104510441043
105210511050104F104E104D104C104B
105A1059105810571056105510541053
106210611060105F105E105D105C105B
106A1069106810671066106510641063
107210711070106F106E106D106C106B
103C1079107810771076107510741073
10441043104210411040103F103E103D
104C104B104A10491048104710461045
10541053105210511050104F104E104D
105C105B105A10591058105710561055
10641063106210611060105F105E105D
106C106B106A10691068106710661065
10741073107210711070106F106E106D
103E107B107A10791078107710761075
1046104510441043104210411040103F
104E104D104C104B104A104910481047
1056105510541053105210511050104F
105E105D105C105B105A105910581057
1066106510641063106210611060105F
106E106D106C106B106A106910681067
1076107510741073107210711070106F
1040107D107C107B107A107910781077
10481047104610451044104310421041
1050104F104E104D104C104B104A1049
10581057105610551054105310521051
1060105F105E105D105C105B105A1059
10681067106610651064106310621061
1070106F106E106D106C106B106A1069
10781077107610751074107310721071
1042107F107E107D107C107B107A1079
104A1049104810471046104510441043
105210511050104F104E104D104C104B
105A1059105810571056105510541053
106210611060105F105E105D105C105B
106A1069106810671066106510641063
107210711070106F106E106D106C106B
107A1079107810771076107510741073
104410811080107F107E107D107C107B
104C104B104A10491048104710461045
10541053105210511050104F104E104D
105C105B105A10591058105710561055
10641063106210611060105F105E105D
106C106B106A10691068106710661065
10741073107210711070106F106E106D
107C107B107A10791078107710761075
10461083108210811080107F107E107D
104E104D104C104B104A104910481047
1056105510541053105210511050104F
105E105D105C105B105A105910581057
1066106510641063106210611060105F
106E106D106C106B106A106910681067
1076107510741073107210711070106F
107E107D107C107B107A107910781077
1048108510841083108210811080107F
1050104F104E104D104C104B104A1049
10581057105610551054105310521051
1060105F105E105D105C105B105A1059
10681067106610651064106310621061
1070106F106E106D106C106B106A1069
10781077107610751074107310721071
1080107F107E107D107C107B107A1079
104A1087108610851084108310821081
105210511050104F104E104D104C104B
105A1059105810571056105510541053
106210611060105F105E105D105C105B
106A1069106810671066106510641063
107210711070106F106E106D106C106B
107A1079107810771076107510741073
108210811080107F107E107D107C107B
104C1089108810871086108510841083
10541053105210511050104F104E104D
105C105B105A10591058105710561055
10641063106210611060105F105E105D
106C106B106A10691068106710661065
10741073107210711070106F106E106D
107C107B107A10791078107710761075
10841083108210811080107F107E107D
104E108B108A10891088108710861085
1056105510541053105210511050104F
105E105D105C105B105A105910581057
1066106510641063106210611060105F
106E106D106C106B106A106910681067
1076107510741073107210711070106F
107E107D107C107B107A107910781077
1086108510841083108210811080107F
1050108D108C108B108A108910881087
10581057105610551054105310521051
1060105F105E105D105C105B105A1059
10681067106610651064106310621061
1070106F106E106D106C106B106A1069
10781077107610751074107310721071
1080107F107E107D107C107B107A1079
10881087108610851084108310821081
1052108F108E108D108C108B108A1089
105A1059105810571056105510541053
106210611060105F105E105D105C105B
106A1069106810671066106510641063
107210711070106F106E106D106C106B
107A1079107810771076107510741073
108210811080107F107E107D107C107B
108A1089108810871086108510841083
105410911090108F108E108D108C108B
105C105B105A10591058105710561055
10641063106210611060105F105E105D
106C106B106A10691068106710661065
10741073107210711070106F106E106D
107C107B107A10791078107710761075
10841083108210811080107F107E107D
108C108B108A10891088108710861085
10561093109210911090108F108E108D
105E105D105C105B105A105910581057
1066106510641063106210611060105F
106E106D106C106B106A106910681067
1076107510741073107210711070106F
107E107D107C107B107A107910781077
1086108510841083108210811080107F
108E108D108C108B108A108910881087
1058109510941093109210911090108F
1060105F105E105D105C105B105A1059
10681067106610651064106310621061
1070106F106E106D106C106B106A1069
10781077107610751074107310721071
1080107F107E107D107C107B107A1079
10881087108610851084108310821081
1090108F108E108D108C108B108A1089
105A1097109610951094109310921091
106210611060105F105E105D105C105B
106A1069106810671066106510641063
107210711070106F106E106D106C106B
107A1079107810771076107510741073
108210811080107F107E107D107C107B
108A1089108810871086108510841083
109210911090108F108E108D108C108B
105C1099109810971096109510941093
10641063106210611060105F105E105D
106C106B106A10691068106710661065
10741073107210711070106F106E106D
107C107B107A10791078107710761075
10841083108210811080107F107E107D
108C108B108A10891088108710861085
10941093109210911090108F108E108D
105E109B109A10991098109710961095
1066106510641063106210611060105F
106E106D106C106B106A106910681067
1076107510741073107210711070106F
107E107D107C107B107A107910781077
1086108510841083108210811080107F
108E108D108C108B108A108910881087
1096109510941093109210911090108F
1060109D109C109B109A109910981097
10681067106610651064106310621061
1070106F106E106D106C106B106A1069
10781077107610751074107310721071
1080107F107E107D107C107B107A1079
10881087108610851084108310821081
1090108F108E108D108C108B108A1089
10981097109610951094109310921091
1062109F109E109D109C109B109A1099
106A1069106810671066106510641063
107210711070106F106E106D106C106B
107A1079107810771076107510741073
108210811080107F107E107D107C107B
108A1089108810871086108510841083
109210911090108F108E108D108C108B
109A1099109810971096109510941093
106410A110A0109F109E109D109C109B
106C106B106A10691068106710661065
10741073107210711070106F106E106D
107C107B107A10791078107710761075
10841083108210811080107F107E107D
108C108B108A10891088108710861085
10941093109210911090108F108E108D
109C109B109A10991098109710961095
106610A310A210A110A0109F109E109D
106E106D106C106B106A106910681067
1076107510741073107210711070106F
107E107D107C107B107A107910781077
1086108510841083108210811080107F
108E108D108C108B108A108910881087
1096109510941093109210911090108F
109E109D109C109B109A109910981097
106810A510A410A310A210A110A0109F
1070106F106E106D106C106B106A1069
10781077107610751074107310721071
1080107F107E107D107C107B107A1079
10881087108610851084108310821081
1090108F108E108D108C108B108A1089
10981097109610951094109310921091
10A0109F109E109D109C109B109A1099
106A10A710A610A510A410A310A210A1
107210711070106F106E106D106C106B
107A1079107810771076107510741073
108210811080107F107E107D107C107B
108A1089108810871086108510841083
109210911090108F108E108D108C108B
109A1099109810971096109510941093
10A210A110A0109F109E109D109C109B
106C10A910A810A710A610A510A410A3
10741073107210711070106F106E106D
107C107B107A10791078107710761075
10841083108210811080107F107E107D
108C108B108A10891088108710861085
10941093109210911090108F108E108D
109C109B109A10991098109710961095
10A410A310A210A110A0109F109E109D
106E10AB10AA10A910A810A710A610A5
1076107510741073107210711070106F
107E107D107C107B107A107910781077
1086108510841083108210811080107F
108E108D108C108B108A108910881087
1096109510941093109210911090108F
109E109D109C109B109A109910981097
10A610A510A410A310A210A110A0109F
107010AD10AC10AB10AA10A910A810A7
10781077107610751074107310721071
1080107F107E107D107C107B107A1079
10881087108610851084108310821081
1090108F108E108D108C108B108A1089
10981097109610951094109310921091
10A0109F109E109D109C109B109A1099
10A810A710A610A510A410A310A210A1
107210AF10AE10AD10AC10AB10AA10A9
107A1079107810771076107510741073
108210811080107F107E107D107C107B
108A1089108810871086108510841083
109210911090108F108E108D108C108B
109A1099109810971096109510941093
10A210A110A0109F109E109D109C109B
10AA10A910A810A710A610A510A410A3
107410B110B010AF10AE10AD10AC10AB
107C107B107A10791078107710761075
10841083108210811080107F107E107D
108C108B108A10891088108710861085
10941093109210911090108F108E108D
109C109B109A10991098109710961095
10A410A310A210A110A0109F109E109D
10AC10AB10AA10A910A810A710A610A5
107610B310B210B110B010AF10AE10AD
107E107D107C107B107A107910781077
1086108510841083108210811080107F
108E108D108C108B108A108910881087
1096109510941093109210911090108F
109E109D109C109B109A109910981097
10A610A510A410A310A210A110A0109F
10AE10AD10AC10AB10AA10A910A810A7
107810B510B410B310B210B110B010AF
1080107F107E107D107C107B107A1079
10881087108610851084108310821081
1090108F108E108D108C108B108A1089
10981097109610951094109310921091
10A0109F109E109D109C109B109A1099
10A810A710A610A510A410A310A210A1
10B010AF10AE10AD10AC10AB10AA10A9
107A10B710B610B510B410B310B210B1
108210811080107F107E107D107C107B
108A1089108810871086108510841083
109210911090108F108E108D108C108B
109A1099109810971096109510941093
10A210A110A0109F109E109D109C109B
10AA10A910A810A710A610A510A410A3
10B210B110B010AF10AE10AD10AC10AB
107C10B910B810B710B610B510B410B3
10841083108210811080107F107E107D
108C108B108A10891088108710861085
10941093109210911090108F108E108D
109C109B109A10991098109710961095
10A410A310A210A110A0109F109E109D
10AC10AB10AA10A910A810A710A610A5
10B410B310B210B110B010AF10AE10AD
107E10BB10BA10B910B810B710B610B5
1086108510841083108210811080107F
108E108D108C108B108A108910881087
1096109510941093109210911090108F
109E109D109C109B109A109910981097
10A610A510A410A310A210A110A0109F
10AE10AD10AC10AB10AA10A910A810A7
10B610B510B410B310B210B110B010AF
10BD10BC10BB10BA10B910B810B7
