@0000000000000000
00000000127B000000000000126CE0F9
0000542F721000000000000012600000
00006604000000000000741100000000
00006A06000000000000680500000000
000016C40000000000006C0700000000
5943761200000000000016C300000000
0000000000009B7F7811000000000000
000000006E080000000000006C087A14
00000000DFD3000000000000DDA80000
000000007C13000000000000DDB60000
6606640062000000000000007E130000
00000000000062096E056C046A086807
000000000000C080000000000000E40B
000000000000720B000000000000620A
00006805660874180000000000006404
0000000000006A0D781A761900000000
641B661A68196A180000000000007A1B
1483000000000000741B761B781B7A1B
14830000000000001705000000000000
3CC20000000000001621000000000000
7815761500000000000066023E046801
000000000000EA72781E486F680016C4
00002D9C0000000000001C217A1E4140
0000000000007E1600007C1600002E1C
6A0D680D6600640062007C03F0FD1D87
00000000B81D000000000000A21C6C0D
0804020556E00000740A720A640C0000
0401592016E616E40E000C0104030A03
192A0000000000000A06592016E616E1
00000000000016E30E0416E602020000
761A74197218760A00000000000016C4
1EAFDEEB0242BEAD700F0000C040E22F
600D0000DDDD600FB006F0ED0042D22D
CCCC9999892112341010FFFFF00BD0CA
020C0222ABBA0110ABCD8888BA116969
6A07C1C0192E00000000000002500000
C1C06C0D6A0D680D660D640D620DC1C0
1863128314AB16ED56E054A05260E06B
132A13251AC30000000056AF9AFFD4A3
6603103E740010227A007400547F132E
A2061AE7D911660518EB660476036602
7A07780776077407720714EC132C1B6C
16E21268592056E052601F201CE01A60
E19A60071921080C126916E102011922
16E20000592056E0E0306E1A6C196418
A20A19210401620916E1080162081923
0201E21D522019210C01A20616E10C01
1B610802127F5B605260780C760B16E1
5B6011607A0D0000000000001A451279
000000000000E16D1A051B61C040E202
0000ABDA000000000E107A00E0026203
F00F03380111FB03FADD03443DAC9A4D
59205B605DA05FE00348276C0FEEF00F
6608640BE2C4E0B65020526054A056E0
18846408E8BC03FB16FF126214B97440
485516FE77801D44487D54A05260660B
5260660B188418846408E8AF07F91A60
07F91A60485316FB77801D44486F54A0
1F444862640362025DA018C46808E6A1
1B43485A640162007403720248476DC0
7401720008031E6048317D401D876F40
6808E683720372017202720052600FEB
6DC01F434843640362025DA018C41904
6F401B44483B64016200740372024810
0FEB7401720008031E60481E7D401D87
14A104031AB10E07126104021A710E34
14A104021AB1C1C0127F52600E025260
127F52600E0254A0126104031A710E07
1671660D040616A0040B16717606C1C0
16B10E08526014610E0B14BF12610406
6606127F52600E0214AF54A012A10404
19046808E234C1C0DB611A45DAA4C1C0
18C46640640C59205B605DA05FE01301
12621AC56640640CD92207FB14BF1262
14BF12621CC66640640CDB6207FB14BF
07FB14BF12621EC76640640CDDA207FB
000000000000000000000FFF9FFF56C7
003F4A3F0FFFF0000100000000000000
00000000000000000000000000FFFFF1
00000000000000000000000000000000
00000000000000000000000000000000
00000000000000000000000000000000
00000000000000000000000000000000
00000000000000000000000000000000
00000000000000000000000000000000
00000000000000000000000000000000
00000000000000000000000000000000
00000000000000000000000000000000
00000000000000000000000000000000
00000000000000000000000000000000
00000000000000000000000000000000
00000000000000000000000000000000
00000000000000000000000000000000
00000000000000000000000000000000
00000000000000000000000000000000
00000000000000000000000000000000
00000000000000000000000000000000
00000000000000000000000000000000
00000000000000000000000000000000
00000000000000000000000000000000
00000000000000000000000000000000
00000000000000000000000000000000
00000000000000000000000000000000
00000000000000000000000000000000
00000000000000000000000000000000
00000000000000000000000000000000
00000000000000000000000000000000
00000000000000000000000000000000
00000000000000000000000000000000
00000000000000000000000000000000
00000000000000000000000000000000
00000000000000000000000000000000
00000000000000000000000000000000
00000000000000000000000000000000
00000000000000000000000000000000
00000000000000000000000000000000
00000000000000000000000000000000
00000000000000000000000000000000
00000000000000000000000000000000
00000000000000000000000000000000
00000000000000000000000000000000
00000000000000000000000000000000
00000000000000000000000000000000
00000000000000000000000000000000
00000000000000000000000000000000
00000000000000000000000000000000
00000000000000000000000000000000
00000000000000000000000000000000
00000000000000000000000000000000
00000000000000000000000000000000
00000000000000000000000000000000
00000000000000000000000000000000
00000000000000000000000000000000
00000000000000000000000000000000
00000000000000000000000000000000
00000000000000000000000000000000
00000000000000000000000000000000
00000000000000000000000000000000
00000000000000000000000000000000
00000000000000000000000000000000
00000000000000000000000000000000
00000000000000000000000000000000
00000000000000000000000000000000
00000000000000000000000000000000
00000000000000000000000000000000
00000000000000000000000000000000
00000000000000000000000000000000
00000000000000000000000000000000
00000000000000000000000000000000
00000000000000000000000000000000
00000000000000000000000000000000
00000000000000000000000000000000
00000000000000000000000000000000
00000000000000000000000000000000
00000000000000000000000000000000
00000000000000000000000000000000
00000000000000000000000000000000
00000000000000000000000000000000
00000000000000000000000000000000
00000000000000000000000000000000
00000000000000000000000000000000
00000000000000000000000000000000
00000000000000000000000000000000
00000000000000000000000000000000
00000000000000000000000000000000
00000000000000000000000000000000
00000000000000000000000000000000
00000000000000000000000000000000
00000000000000000000000000000000
00000000000000000000000000000000
00000000000000000000000000000000
00000000000000000000000000000000
00000000000000000000000000000000
00000000000000000000000000000000
00000000
