Flow report for mp0
Thu Jan 25 14:56:51 2018
Quartus II 32-bit Version 13.1.4 Build 182 03/12/2014 SJ Full Version


---------------------
; Table of Contents ;
---------------------
  1. Legal Notice
  2. Flow Summary
  3. Flow Settings
  4. Flow Non-Default Global Settings
  5. Flow Elapsed Time
  6. Flow OS Summary
  7. Flow Log
  8. Flow Messages
  9. Flow Suppressed Messages



----------------
; Legal Notice ;
----------------
Copyright (C) 1991-2014 Altera Corporation
Your use of Altera Corporation's design tools, logic functions 
and other software and tools, and its AMPP partner logic 
functions, and any output files from any of the foregoing 
(including device programming or simulation files), and any 
associated documentation or information are expressly subject 
to the terms and conditions of the Altera Program License 
Subscription Agreement, Altera MegaCore Function License 
Agreement, or other applicable license agreement, including, 
without limitation, that your use is for the sole purpose of 
programming logic devices manufactured by Altera and sold by 
Altera or its authorized distributors.  Please refer to the 
applicable agreement for further details.



+-----------------------------------------------------------------------------+
; Flow Summary                                                                ;
+-------------------------------+---------------------------------------------+
; Flow Status                   ; Successful - Thu Jan 25 14:56:51 2018       ;
; Quartus II 32-bit Version     ; 13.1.4 Build 182 03/12/2014 SJ Full Version ;
; Revision Name                 ; mp0                                         ;
; Top-level Entity Name         ; mp0                                         ;
; Family                        ; Stratix III                                 ;
; Device                        ; EP3SE50F780C2                               ;
; Timing Models                 ; Final                                       ;
; Logic utilization             ; < 1 %                                       ;
;     Combinational ALUTs       ; 195 / 38,000 ( < 1 % )                      ;
;     Memory ALUTs              ; 0 / 19,000 ( 0 % )                          ;
;     Dedicated logic registers ; 208 / 38,000 ( < 1 % )                      ;
; Total registers               ; 208                                         ;
; Total pins                    ; 54 / 488 ( 11 % )                           ;
; Total virtual pins            ; 0                                           ;
; Total block memory bits       ; 0 / 5,455,872 ( 0 % )                       ;
; DSP block 18-bit elements     ; 0 / 384 ( 0 % )                             ;
; Total PLLs                    ; 0 / 4 ( 0 % )                               ;
; Total DLLs                    ; 0 / 4 ( 0 % )                               ;
+-------------------------------+---------------------------------------------+


+-----------------------------------------+
; Flow Settings                           ;
+-------------------+---------------------+
; Option            ; Setting             ;
+-------------------+---------------------+
; Start date & time ; 01/25/2018 14:55:54 ;
; Main task         ; Compilation         ;
; Revision Name     ; mp0                 ;
+-------------------+---------------------+


+-----------------------------------------------------------------------------------------------------------------------------+
; Flow Non-Default Global Settings                                                                                            ;
+--------------------------------------+---------------------------------------+---------------+-------------+----------------+
; Assignment Name                      ; Value                                 ; Default Value ; Entity Name ; Section Id     ;
+--------------------------------------+---------------------------------------+---------------+-------------+----------------+
; COMPILER_SIGNATURE_ID                ; 71094329374950.151691375404282        ; --            ; --          ; --             ;
; EDA_DESIGN_INSTANCE_NAME             ; NA                                    ; --            ; --          ; mp0_tb         ;
; EDA_NATIVELINK_SIMULATION_TEST_BENCH ; mp0_tb                                ; --            ; --          ; eda_simulation ;
; EDA_OUTPUT_DATA_FORMAT               ; Systemverilog Hdl                     ; --            ; --          ; eda_simulation ;
; EDA_SIMULATION_TOOL                  ; ModelSim-Altera (SystemVerilog)       ; <None>        ; --          ; --             ;
; EDA_TEST_BENCH_ENABLE_STATUS         ; TEST_BENCH_MODE                       ; --            ; --          ; eda_simulation ;
; EDA_TEST_BENCH_FILE                  ; mp0_tb.sv                             ; --            ; --          ; mp0_tb         ;
; EDA_TEST_BENCH_FILE                  ; magic_memory.sv                       ; --            ; --          ; mp0_tb         ;
; EDA_TEST_BENCH_MODULE_NAME           ; mp0_tb                                ; --            ; --          ; mp0_tb         ;
; EDA_TEST_BENCH_NAME                  ; mp0_tb                                ; --            ; --          ; eda_simulation ;
; EDA_TEST_BENCH_RUN_SIM_FOR           ; 200 ns                                ; --            ; --          ; mp0_tb         ;
; EDA_TIME_SCALE                       ; 1 ps                                  ; --            ; --          ; eda_simulation ;
; MAX_CORE_JUNCTION_TEMP               ; 85                                    ; --            ; --          ; --             ;
; MIN_CORE_JUNCTION_TEMP               ; 0                                     ; --            ; --          ; --             ;
; NOMINAL_CORE_SUPPLY_VOLTAGE          ; 1.1V                                  ; --            ; --          ; --             ;
; PARTITION_COLOR                      ; 16764057                              ; --            ; --          ; Top            ;
; PARTITION_FITTER_PRESERVATION_LEVEL  ; PLACEMENT_AND_ROUTING                 ; --            ; --          ; Top            ;
; PARTITION_NETLIST_TYPE               ; SOURCE                                ; --            ; --          ; Top            ;
; POWER_BOARD_THERMAL_MODEL            ; None (CONSERVATIVE)                   ; --            ; --          ; --             ;
; POWER_PRESET_COOLING_SOLUTION        ; 23 MM HEAT SINK WITH 200 LFPM AIRFLOW ; --            ; --          ; --             ;
; PROJECT_OUTPUT_DIRECTORY             ; output_files                          ; --            ; --          ; --             ;
+--------------------------------------+---------------------------------------+---------------+-------------+----------------+


+-------------------------------------------------------------------------------------------------------------------------------+
; Flow Elapsed Time                                                                                                             ;
+---------------------------+--------------+-------------------------+---------------------+------------------------------------+
; Module Name               ; Elapsed Time ; Average Processors Used ; Peak Virtual Memory ; Total CPU Time (on all processors) ;
+---------------------------+--------------+-------------------------+---------------------+------------------------------------+
; Analysis & Synthesis      ; 00:00:06     ; 1.0                     ; 440 MB              ; 00:00:02                           ;
; Fitter                    ; 00:00:20     ; 1.0                     ; 780 MB              ; 00:00:14                           ;
; Assembler                 ; 00:00:06     ; 1.0                     ; 432 MB              ; 00:00:04                           ;
; TimeQuest Timing Analyzer ; 00:00:07     ; 1.0                     ; 511 MB              ; 00:00:02                           ;
; EDA Netlist Writer        ; 00:00:03     ; 1.0                     ; 388 MB              ; 00:00:02                           ;
; Total                     ; 00:00:42     ; --                      ; --                  ; 00:00:24                           ;
+---------------------------+--------------+-------------------------+---------------------+------------------------------------+


+----------------------------------------------------------------------------------------------------------+
; Flow OS Summary                                                                                          ;
+---------------------------+-------------------------------+--------------+--------------+----------------+
; Module Name               ; Machine Hostname              ; OS Name      ; OS Version   ; Processor type ;
+---------------------------+-------------------------------+--------------+--------------+----------------+
; Analysis & Synthesis      ; eceb-3070-11.ews.illinois.edu ; CentOS Linux ; CentOS Linux ; x86_64         ;
; Fitter                    ; eceb-3070-11.ews.illinois.edu ; CentOS Linux ; CentOS Linux ; x86_64         ;
; Assembler                 ; eceb-3070-11.ews.illinois.edu ; CentOS Linux ; CentOS Linux ; x86_64         ;
; TimeQuest Timing Analyzer ; eceb-3070-11.ews.illinois.edu ; CentOS Linux ; CentOS Linux ; x86_64         ;
; EDA Netlist Writer        ; eceb-3070-11.ews.illinois.edu ; CentOS Linux ; CentOS Linux ; x86_64         ;
+---------------------------+-------------------------------+--------------+--------------+----------------+


------------
; Flow Log ;
------------
quartus_map --read_settings_files=on --write_settings_files=off mp0 -c mp0
quartus_fit --read_settings_files=off --write_settings_files=off mp0 -c mp0
quartus_asm --read_settings_files=off --write_settings_files=off mp0 -c mp0
quartus_sta mp0 -c mp0
quartus_eda --read_settings_files=off --write_settings_files=off mp0 -c mp0



